                  :-) GROMACS - gmx mdrun, 2020.4-MODIFIED (-:

                            GROMACS is written by:
     Emile Apol      Rossen Apostolov      Paul Bauer     Herman J.C. Berendsen
    Par Bjelkmar      Christian Blau   Viacheslav Bolnykh     Kevin Boyd    
 Aldert van Buuren   Rudi van Drunen     Anton Feenstra       Alan Gray     
  Gerrit Groenhof     Anca Hamuraru    Vincent Hindriksen  M. Eric Irrgang  
  Aleksei Iupinov   Christoph Junghans     Joe Jordan     Dimitrios Karkoulis
    Peter Kasson        Jiri Kraus      Carsten Kutzner      Per Larsson    
  Justin A. Lemkul    Viveca Lindahl    Magnus Lundborg     Erik Marklund   
    Pascal Merz     Pieter Meulenhoff    Teemu Murtola       Szilard Pall   
    Sander Pronk      Roland Schulz      Michael Shirts    Alexey Shvetsov  
   Alfons Sijbers     Peter Tieleman      Jon Vincent      Teemu Virolainen 
 Christian Wennberg    Maarten Wolf      Artem Zhmurov   
                           and the project leaders:
        Mark Abraham, Berk Hess, Erik Lindahl, and David van der Spoel

Copyright (c) 1991-2000, University of Groningen, The Netherlands.
Copyright (c) 2001-2019, The GROMACS development team at
Uppsala University, Stockholm University and
the Royal Institute of Technology, Sweden.
check out http://www.gromacs.org for more information.

GROMACS is free software; you can redistribute it and/or modify it
under the terms of the GNU Lesser General Public License
as published by the Free Software Foundation; either version 2.1
of the License, or (at your option) any later version.

GROMACS:      gmx mdrun, version 2020.4-MODIFIED
Executable:   /jet/home/wehs7661/pkgs_1/gromacs/2020.4/bin/gmx
Data prefix:  /jet/home/wehs7661/pkgs_1/gromacs/2020.4
Working dir:  /ocean/projects/cts160011p/wehs7661/validity_test_lambda_MetaD/test_4
Command line:
  gmx mdrun -s sys2_cccc.tpr -o sys2_cccc.trr -c sys2_cccc_output.gro -e sys2_cccc.edr -dhdl sys2_cccc_dhdl.xvg -g sys2_cccc.log -plumed -cpi state.cpt -ntomp 1 -nt 1

Reading file sys2_cccc.tpr, VERSION 2020.4-MODIFIED (single precision)
Multiple energy groups is not implemented for GPUs, falling back to the CPU. For better performance, run on the GPU without energy groups and then do gmx mdrun -rerun option on the trajectory with an energy group .tpr file.
Changing nstlist from 10 to 40, rlist from 0.9 to 1


Using 1 MPI thread

Non-default thread affinity set, disabling internal thread affinity

Using 1 OpenMP thread 

starting mdrun 'Generic title in water'
2500000 steps,   5000.0 ps.
slurmstepd: error: *** JOB 5663667 ON r002 CANCELLED AT 2021-12-18T13:32:52 DUE TO TIME LIMIT ***
