                  :-) GROMACS - gmx mdrun, 2020.4-MODIFIED (-:

                            GROMACS is written by:
     Emile Apol      Rossen Apostolov      Paul Bauer     Herman J.C. Berendsen
    Par Bjelkmar      Christian Blau   Viacheslav Bolnykh     Kevin Boyd    
 Aldert van Buuren   Rudi van Drunen     Anton Feenstra       Alan Gray     
  Gerrit Groenhof     Anca Hamuraru    Vincent Hindriksen  M. Eric Irrgang  
  Aleksei Iupinov   Christoph Junghans     Joe Jordan     Dimitrios Karkoulis
    Peter Kasson        Jiri Kraus      Carsten Kutzner      Per Larsson    
  Justin A. Lemkul    Viveca Lindahl    Magnus Lundborg     Erik Marklund   
    Pascal Merz     Pieter Meulenhoff    Teemu Murtola       Szilard Pall   
    Sander Pronk      Roland Schulz      Michael Shirts    Alexey Shvetsov  
   Alfons Sijbers     Peter Tieleman      Jon Vincent      Teemu Virolainen 
 Christian Wennberg    Maarten Wolf      Artem Zhmurov   
                           and the project leaders:
        Mark Abraham, Berk Hess, Erik Lindahl, and David van der Spoel

Copyright (c) 1991-2000, University of Groningen, The Netherlands.
Copyright (c) 2001-2019, The GROMACS development team at
Uppsala University, Stockholm University and
the Royal Institute of Technology, Sweden.
check out http://www.gromacs.org for more information.

GROMACS is free software; you can redistribute it and/or modify it
under the terms of the GNU Lesser General Public License
as published by the Free Software Foundation; either version 2.1
of the License, or (at your option) any later version.

GROMACS:      gmx mdrun, version 2020.4-MODIFIED
Executable:   /usr/local/gromacs/bin/gmx
Data prefix:  /usr/local/gromacs
Working dir:  /media/wei-tse/ADATA NH03/CU Boulder data/MetaD_TestSys/System2/0813_Simulations/4vdw_Sys/charged/additional_exp/Exp_11/issue_inputs
Process ID:   25733
Command line:
  gmx mdrun -s sys2_cccc.tpr -o sys2_cccc.trr -c sys2_cccc_output.gro -e sys2_cccc.edr -dhdl sys2_cccc_dhdl.xvg -g sys2_cccc.log -plumed -cpi state.cpt

GROMACS version:    2020.4-MODIFIED
This program has been built from source code that has been altered and does not match the code released as part of the official GROMACS version 2020.4-MODIFIED. If you did not intend to use an altered GROMACS version, make sure to download an intact source distribution and compile that before proceeding.
If you have modified the source code, you are strongly encouraged to set your custom version suffix (using -DGMX_VERSION_STRING_OF_FORK) which will can help later with scientific reproducibility but also when reporting bugs.
Release checksum: 79c2857291b034542c26e90512b92fd4b184a1c9d6fa59c55f2e24ccf14e7281
Computed checksum: 71730c3e53f008bf8a6c6ee90f305b5807e001d8824f2de8ace37d9da6377c65
Precision:          single
Memory model:       64 bit
MPI library:        thread_mpi
OpenMP support:     enabled (GMX_OPENMP_MAX_THREADS = 64)
GPU support:        disabled
SIMD instructions:  AVX2_256
FFT library:        fftw-3.3.8-sse2-avx
RDTSCP usage:       enabled
TNG support:        enabled
Hwloc support:      hwloc-1.11.9
Tracing support:    disabled
C compiler:         /usr/bin/gcc-7 GNU 7.5.0
C compiler flags:   -mavx2 -mfma -fexcess-precision=fast -funroll-all-loops -fopenmp -O3 -DNDEBUG
C++ compiler:       /usr/bin/g++-7 GNU 7.5.0
C++ compiler flags: -mavx2 -mfma -fexcess-precision=fast -funroll-all-loops -fopenmp -O3 -DNDEBUG


Running on 1 node with total 8 cores, 16 logical cores
Hardware detected:
  CPU info:
    Vendor: Intel
    Brand:  Intel(R) Xeon(R) Silver 4110 CPU @ 2.10GHz
    Family: 6   Model: 85   Stepping: 4
    Features: aes apic avx avx2 avx512f avx512cd avx512bw avx512vl clfsh cmov cx8 cx16 f16c fma hle htt intel lahf mmx msr nonstop_tsc pcid pclmuldq pdcm pdpe1gb popcnt pse rdrnd rdtscp rtm sse2 sse3 sse4.1 sse4.2 ssse3 tdt x2apic
    Number of AVX-512 FMA units: 1 (AVX2 is faster w/o 2 AVX-512 FMA units)
  Hardware topology: Full, with devices
    Sockets, cores, and logical processors:
      Socket  0: [   0   8] [   1   9] [   2  10] [   3  11] [   4  12] [   5  13] [   6  14] [   7  15]
    Numa nodes:
      Node  0 (16398008320 bytes mem):   0   1   2   3   4   5   6   7   8   9  10  11  12  13  14  15
      Latency:
               0
         0  1.00
    Caches:
      L1: 32768 bytes, linesize 64 bytes, assoc. 8, shared 2 ways
      L2: 1048576 bytes, linesize 64 bytes, assoc. 16, shared 2 ways
      L3: 11534336 bytes, linesize 64 bytes, assoc. 11, shared 16 ways
    PCI devices:
      0000:00:11.5  Id: 8086:a1d2  Class: 0x0106  Numa: 0
      0000:00:16.2  Id: 8086:a1bc  Class: 0x0101  Numa: 0
      0000:00:17.0  Id: 8086:2826  Class: 0x0104  Numa: 0
      0000:02:00.0  Id: 8086:1533  Class: 0x0200  Numa: 0
      0000:00:1f.6  Id: 8086:15b9  Class: 0x0200  Numa: 0
      0000:64:05.5  Id: 8086:201d  Class: 0x0104  Numa: 0
      0000:b3:00.0  Id: 1002:6995  Class: 0x0300  Numa: 0


++++ PLEASE READ AND CITE THE FOLLOWING REFERENCE ++++
M. J. Abraham, T. Murtola, R. Schulz, S. Páll, J. C. Smith, B. Hess, E.
Lindahl
GROMACS: High performance molecular simulations through multi-level
parallelism from laptops to supercomputers
SoftwareX 1 (2015) pp. 19-25
-------- -------- --- Thank You --- -------- --------


++++ PLEASE READ AND CITE THE FOLLOWING REFERENCE ++++
S. Páll, M. J. Abraham, C. Kutzner, B. Hess, E. Lindahl
Tackling Exascale Software Challenges in Molecular Dynamics Simulations with
GROMACS
In S. Markidis & E. Laure (Eds.), Solving Software Challenges for Exascale 8759 (2015) pp. 3-27
-------- -------- --- Thank You --- -------- --------


++++ PLEASE READ AND CITE THE FOLLOWING REFERENCE ++++
S. Pronk, S. Páll, R. Schulz, P. Larsson, P. Bjelkmar, R. Apostolov, M. R.
Shirts, J. C. Smith, P. M. Kasson, D. van der Spoel, B. Hess, and E. Lindahl
GROMACS 4.5: a high-throughput and highly parallel open source molecular
simulation toolkit
Bioinformatics 29 (2013) pp. 845-54
-------- -------- --- Thank You --- -------- --------


++++ PLEASE READ AND CITE THE FOLLOWING REFERENCE ++++
B. Hess and C. Kutzner and D. van der Spoel and E. Lindahl
GROMACS 4: Algorithms for highly efficient, load-balanced, and scalable
molecular simulation
J. Chem. Theory Comput. 4 (2008) pp. 435-447
-------- -------- --- Thank You --- -------- --------


++++ PLEASE READ AND CITE THE FOLLOWING REFERENCE ++++
D. van der Spoel, E. Lindahl, B. Hess, G. Groenhof, A. E. Mark and H. J. C.
Berendsen
GROMACS: Fast, Flexible and Free
J. Comp. Chem. 26 (2005) pp. 1701-1719
-------- -------- --- Thank You --- -------- --------


++++ PLEASE READ AND CITE THE FOLLOWING REFERENCE ++++
E. Lindahl and B. Hess and D. van der Spoel
GROMACS 3.0: A package for molecular simulation and trajectory analysis
J. Mol. Mod. 7 (2001) pp. 306-317
-------- -------- --- Thank You --- -------- --------


++++ PLEASE READ AND CITE THE FOLLOWING REFERENCE ++++
H. J. C. Berendsen, D. van der Spoel and R. van Drunen
GROMACS: A message-passing parallel molecular dynamics implementation
Comp. Phys. Comm. 91 (1995) pp. 43-56
-------- -------- --- Thank You --- -------- --------


++++ PLEASE CITE THE DOI FOR THIS VERSION OF GROMACS ++++
https://doi.org/10.5281/zenodo.4054979
-------- -------- --- Thank You --- -------- --------

Multiple energy groups is not implemented for GPUs, falling back to the CPU. For better performance, run on the GPU without energy groups and then do gmx mdrun -rerun option on the trajectory with an energy group .tpr file.
Input Parameters:
   integrator                     = md-vv
   tinit                          = 0
   dt                             = 0.002
   nsteps                         = 50000
   init-step                      = 0
   simulation-part                = 1
   comm-mode                      = Linear
   nstcomm                        = 1
   bd-fric                        = 0
   ld-seed                        = -237836256
   emtol                          = 10
   emstep                         = 0.01
   niter                          = 20
   fcstep                         = 0
   nstcgsteep                     = 1000
   nbfgscorr                      = 10
   rtpi                           = 0.05
   nstxout                        = 1000
   nstvout                        = 1000
   nstfout                        = 0
   nstlog                         = 1000
   nstcalcenergy                  = 1
   nstenergy                      = 1000
   nstxout-compressed             = 0
   compressed-x-precision         = 1000
   cutoff-scheme                  = Verlet
   nstlist                        = 10
   pbc                            = xyz
   periodic-molecules             = false
   verlet-buffer-tolerance        = 0.005
   rlist                          = 0.9
   coulombtype                    = PME
   coulomb-modifier               = Potential-shift
   rcoulomb-switch                = 0.89
   rcoulomb                       = 0.9
   epsilon-r                      = 1
   epsilon-rf                     = inf
   vdw-type                       = Cut-off
   vdw-modifier                   = Potential-switch
   rvdw-switch                    = 0.85
   rvdw                           = 0.9
   DispCorr                       = AllEnerPres
   table-extension                = 1
   fourierspacing                 = 0.1
   fourier-nx                     = 24
   fourier-ny                     = 24
   fourier-nz                     = 24
   pme-order                      = 4
   ewald-rtol                     = 1e-05
   ewald-rtol-lj                  = 0.001
   lj-pme-comb-rule               = Geometric
   ewald-geometry                 = 0
   epsilon-surface                = 0
   tcoupl                         = V-rescale
   nsttcouple                     = 1
   nh-chain-length                = 0
   print-nose-hoover-chain-variables = false
   pcoupl                         = No
   pcoupltype                     = Isotropic
   nstpcouple                     = -1
   tau-p                          = 1
   compressibility (3x3):
      compressibility[    0]={ 0.00000e+00,  0.00000e+00,  0.00000e+00}
      compressibility[    1]={ 0.00000e+00,  0.00000e+00,  0.00000e+00}
      compressibility[    2]={ 0.00000e+00,  0.00000e+00,  0.00000e+00}
   ref-p (3x3):
      ref-p[    0]={ 0.00000e+00,  0.00000e+00,  0.00000e+00}
      ref-p[    1]={ 0.00000e+00,  0.00000e+00,  0.00000e+00}
      ref-p[    2]={ 0.00000e+00,  0.00000e+00,  0.00000e+00}
   refcoord-scaling               = No
   posres-com (3):
      posres-com[0]= 0.00000e+00
      posres-com[1]= 0.00000e+00
      posres-com[2]= 0.00000e+00
   posres-comB (3):
      posres-comB[0]= 0.00000e+00
      posres-comB[1]= 0.00000e+00
      posres-comB[2]= 0.00000e+00
   QMMM                           = false
   QMconstraints                  = 0
   QMMMscheme                     = 0
   MMChargeScaleFactor            = 1
qm-opts:
   ngQM                           = 0
   constraint-algorithm           = Lincs
   continuation                   = false
   Shake-SOR                      = false
   shake-tol                      = 0.0001
   lincs-order                    = 12
   lincs-iter                     = 2
   lincs-warnangle                = 30
   nwall                          = 0
   wall-type                      = 9-3
   wall-r-linpot                  = -1
   wall-atomtype[0]               = -1
   wall-atomtype[1]               = -1
   wall-density[0]                = 0
   wall-density[1]                = 0
   wall-ewald-zfac                = 3
   pull                           = false
   awh                            = false
   rotation                       = false
   interactiveMD                  = false
   disre                          = No
   disre-weighting                = Conservative
   disre-mixed                    = false
   dr-fc                          = 1000
   dr-tau                         = 0
   nstdisreout                    = 100
   orire-fc                       = 0
   orire-tau                      = 0
   nstorireout                    = 100
   free-energy                    = no
   cos-acceleration               = 0
   deform (3x3):
      deform[    0]={ 0.00000e+00,  0.00000e+00,  0.00000e+00}
      deform[    1]={ 0.00000e+00,  0.00000e+00,  0.00000e+00}
      deform[    2]={ 0.00000e+00,  0.00000e+00,  0.00000e+00}
   simulated-tempering            = false
   swapcoords                     = no
   userint1                       = 0
   userint2                       = 0
   userint3                       = 0
   userint4                       = 0
   userreal1                      = 0
   userreal2                      = 0
   userreal3                      = 0
   userreal4                      = 0
   applied-forces:
     electric-field:
       x:
         E0                       = 0
         omega                    = 0
         t0                       = 0
         sigma                    = 0
       y:
         E0                       = 0
         omega                    = 0
         t0                       = 0
         sigma                    = 0
       z:
         E0                       = 0
         omega                    = 0
         t0                       = 0
         sigma                    = 0
     density-guided-simulation:
       active                     = false
       group                      = protein
       similarity-measure         = inner-product
       atom-spreading-weight      = unity
       force-constant             = 1e+09
       gaussian-transform-spreading-width = 0.2
       gaussian-transform-spreading-range-in-multiples-of-width = 4
       reference-density-filename = reference.mrc
       nst                        = 1
       normalize-densities        = true
       adaptive-force-scaling     = false
       adaptive-force-scaling-time-constant = 4
grpopts:
   nrdf:      11.987     2751.01
   ref-t:         298         298
   tau-t:         0.5         0.5
annealing:          No          No
annealing-npoints:           0           0
   acc:	           0           0           0
   nfreeze:           N           N           N
   energygrp-flags[  0]: 0 0
   energygrp-flags[  1]: 0 0

Changing nstlist from 10 to 40, rlist from 0.9 to 1


Using 1 MPI thread

Non-default thread affinity set, disabling internal thread affinity

Using 16 OpenMP threads 

System total charge: 0.000
Will do PME sum in reciprocal space for electrostatic interactions.

++++ PLEASE READ AND CITE THE FOLLOWING REFERENCE ++++
U. Essmann, L. Perera, M. L. Berkowitz, T. Darden, H. Lee and L. G. Pedersen 
A smooth particle mesh Ewald method
J. Chem. Phys. 103 (1995) pp. 8577-8592
-------- -------- --- Thank You --- -------- --------

Using a Gaussian width (1/beta) of 0.288146 nm for Ewald
Potential shift: LJ r^-12: 0.000e+00 r^-6: 0.000e+00, Ewald -1.111e-05
Initialized non-bonded Ewald tables, spacing: 8.85e-04 size: 1018

Generated table with 1000 data points for 1-4 COUL.
Tabscale = 500 points/nm
Generated table with 1000 data points for 1-4 LJ6.
Tabscale = 500 points/nm
Generated table with 1000 data points for 1-4 LJ12.
Tabscale = 500 points/nm

Using SIMD 4x8 nonbonded short-range kernels

Using a dual 4x8 pair-list setup updated with dynamic pruning:
  outer list: updated every 40 steps, buffer 0.100 nm, rlist 1.000 nm
  inner list: updated every 11 steps, buffer 0.002 nm, rlist 0.902 nm
At tolerance 0.005 kJ/mol/ps per atom, equivalent classical 1x1 list would be:
  outer list: updated every 40 steps, buffer 0.210 nm, rlist 1.110 nm
  inner list: updated every 11 steps, buffer 0.042 nm, rlist 0.942 nm

Long Range LJ corr.: <C6> 2.8092e-04 <C12> 2.7696e-07

Removing pbc first time

++++ PLEASE READ AND CITE THE FOLLOWING REFERENCE ++++
S. Miyamoto and P. A. Kollman
SETTLE: An Analytical Version of the SHAKE and RATTLE Algorithms for Rigid
Water Models
J. Comp. Chem. 13 (1992) pp. 952-962
-------- -------- --- Thank You --- -------- --------


++++ PLEASE READ AND CITE THE FOLLOWING REFERENCE ++++
G. Bussi, D. Donadio and M. Parrinello
Canonical sampling through velocity rescaling
J. Chem. Phys. 126 (2007) pp. 014101
-------- -------- --- Thank You --- -------- --------

There are: 1381 Atoms

Constraining the starting coordinates (step 0)
Center of mass motion removal mode is Linear
We have the following groups for center of mass motion removal:
  0:  rest
RMS relative constraint deviation after constraining: 0.00e+00
Initial temperature: 295.606 K

PLUMED: PLUMED is starting
PLUMED: Version: 2.6.0 (git: Unknown) compiled on Jan 29 2020 at 14:59:16
PLUMED: Please cite these papers when using PLUMED [1][2]
PLUMED: For further information see the PLUMED web page at http://www.plumed.org
PLUMED: Root: /home/wei-tse/anaconda3/lib/plumed
PLUMED: For installed feature, see /home/wei-tse/anaconda3/lib/plumed/src/config/config.txt
PLUMED: Molecular dynamics engine: gromacs
PLUMED: Precision of reals: 4
PLUMED: Running over 1 node
PLUMED: Number of threads: 16
PLUMED: Cache line size: 512
PLUMED: Number of atoms: 1381
PLUMED: File suffix: 
PLUMED: FILE: plumed.dat
PLUMED: Action TORSION
PLUMED:   with label theta
PLUMED:   between atoms 1 2 3 4
PLUMED:   using periodic boundary conditions
PLUMED: Action METAD
PLUMED:   with label metad
PLUMED:   with arguments theta
PLUMED:   added component to this action:  metad.bias 
PLUMED:   Gaussian width  0.500000  Gaussian height 2.478956
PLUMED:   Gaussian deposition pace 500
PLUMED:   Gaussian file HILLS
PLUMED:   Well-Tempered Bias Factor 60.000000
PLUMED:   Hills relaxation time (tau) 58.970336
PLUMED:   KbT 2.477710
PLUMED:   Grid min -pi
PLUMED:   Grid max pi
PLUMED:   Grid bin 100
PLUMED:   Grid uses spline interpolation
PLUMED:   added component to this action:  metad.work 
PLUMED:   Bibliography [3][4]
PLUMED: Action PRINT
PLUMED:   with label @2
PLUMED:   with stride 10
PLUMED:   with arguments theta metad.bias
PLUMED:   on file COLVAR
PLUMED:   with format  %f
PLUMED: END FILE: plumed.dat
PLUMED: Timestep: 0.002000
PLUMED: KbT: 2.477710
PLUMED: Relevant bibliography:
PLUMED:   [1] The PLUMED consortium, Nat. Methods 16, 670 (2019)
PLUMED:   [2] Tribello, Bonomi, Branduardi, Camilloni, and Bussi, Comput. Phys. Commun. 185, 604 (2014)
PLUMED:   [3] Laio and Parrinello, PNAS 99, 12562 (2002)
PLUMED:   [4] Barducci, Bussi, and Parrinello, Phys. Rev. Lett. 100, 020603 (2008)
PLUMED: Please read and cite where appropriate!
PLUMED: Finished setup
Started mdrun on rank 0 Tue Oct 26 19:33:08 2021

           Step           Time
              0        0.00000

   Energies (kJ/mol)
           Bond          Angle    Proper Dih.          LJ-14     Coulomb-14
    5.39379e+00    4.04133e+00    4.34734e-01   -4.97721e-01   -2.91293e+02
        LJ (SR)  Disper. corr.   Coulomb (SR)   Coul. recip.      Potential
    2.79203e+03   -1.21825e+02   -2.13946e+04    2.09155e+02   -1.87971e+04
    Kinetic En.   Total Energy  Conserved En.    Temperature Pres. DC (bar)
    3.39546e+03   -1.54017e+04   -1.54017e+04    2.95606e+02   -1.46979e+02
 Pressure (bar)
    3.55904e+02

           Step           Time
           1000        2.00000

   Energies (kJ/mol)
           Bond          Angle    Proper Dih.          LJ-14     Coulomb-14
    3.11167e+00    2.16050e-02    1.50476e-01   -4.99875e-01   -2.93926e+02
        LJ (SR)  Disper. corr.   Coulomb (SR)   Coul. recip.      Potential
    2.93557e+03   -1.21825e+02   -2.17831e+04    1.80208e+02   -1.90803e+04
    Kinetic En.   Total Energy  Conserved En.    Temperature Pres. DC (bar)
    3.43117e+03   -1.56492e+04   -1.54030e+04    2.98715e+02   -1.46979e+02
 Pressure (bar)
    8.58164e+02

           Step           Time
           2000        4.00000

   Energies (kJ/mol)
           Bond          Angle    Proper Dih.          LJ-14     Coulomb-14
    4.20132e+00    4.15512e+00    1.32562e-01   -4.76767e-01   -2.83020e+02
        LJ (SR)  Disper. corr.   Coulomb (SR)   Coul. recip.      Potential
    3.04837e+03   -1.21825e+02   -2.20597e+04    2.03463e+02   -1.92047e+04
    Kinetic En.   Total Energy  Conserved En.    Temperature Pres. DC (bar)
    3.48526e+03   -1.57194e+04   -1.54025e+04    3.03424e+02   -1.46979e+02
 Pressure (bar)
    8.15801e+02

           Step           Time
           3000        6.00000

   Energies (kJ/mol)
           Bond          Angle    Proper Dih.          LJ-14     Coulomb-14
    5.81249e+00    2.31537e+00    3.65162e+00   -4.97723e-01   -2.97932e+02
        LJ (SR)  Disper. corr.   Coulomb (SR)   Coul. recip.      Potential
    2.97032e+03   -1.21825e+02   -2.18829e+04    2.05074e+02   -1.91159e+04
    Kinetic En.   Total Energy  Conserved En.    Temperature Pres. DC (bar)
    3.59866e+03   -1.55173e+04   -1.54004e+04    3.13296e+02   -1.46979e+02
 Pressure (bar)
    5.81258e+02

           Step           Time
           4000        8.00000

   Energies (kJ/mol)
           Bond          Angle    Proper Dih.          LJ-14     Coulomb-14
    7.86732e+00    3.56798e-01    5.69715e+00   -4.85765e-01   -2.85768e+02
        LJ (SR)  Disper. corr.   Coulomb (SR)   Coul. recip.      Potential
    3.00512e+03   -1.21825e+02   -2.20441e+04    2.04988e+02   -1.92282e+04
    Kinetic En.   Total Energy  Conserved En.    Temperature Pres. DC (bar)
    3.53133e+03   -1.56969e+04   -1.53989e+04    3.07435e+02   -1.46979e+02
 Pressure (bar)
    2.75501e+02

           Step           Time
           5000       10.00000

   Energies (kJ/mol)
           Bond          Angle    Proper Dih.          LJ-14     Coulomb-14
    1.16888e+00    7.85710e+00    5.04029e+00   -4.82758e-01   -2.84788e+02
        LJ (SR)  Disper. corr.   Coulomb (SR)   Coul. recip.      Potential
    2.93122e+03   -1.21825e+02   -2.20195e+04    1.71941e+02   -1.93094e+04
    Kinetic En.   Total Energy  Conserved En.    Temperature Pres. DC (bar)
    3.37609e+03   -1.59333e+04   -1.53990e+04    2.93920e+02   -1.46979e+02
 Pressure (bar)
   -4.69707e+01

           Step           Time
           6000       12.00000

   Energies (kJ/mol)
           Bond          Angle    Proper Dih.          LJ-14     Coulomb-14
    1.97917e+00    1.25598e+00    1.17920e+01   -4.99360e-01   -2.92923e+02
        LJ (SR)  Disper. corr.   Coulomb (SR)   Coul. recip.      Potential
    3.04979e+03   -1.21825e+02   -2.21477e+04    1.75950e+02   -1.93222e+04
    Kinetic En.   Total Energy  Conserved En.    Temperature Pres. DC (bar)
    3.35700e+03   -1.59652e+04   -1.53942e+04    2.92258e+02   -1.46979e+02
 Pressure (bar)
    5.52000e+02

           Step           Time
           7000       14.00000

   Energies (kJ/mol)
           Bond          Angle    Proper Dih.          LJ-14     Coulomb-14
    5.16581e-01    6.11804e+00    6.68433e+00   -4.96834e-01   -2.90662e+02
        LJ (SR)  Disper. corr.   Coulomb (SR)   Coul. recip.      Potential
    2.78412e+03   -1.21825e+02   -2.17736e+04    1.88833e+02   -1.92003e+04
    Kinetic En.   Total Energy  Conserved En.    Temperature Pres. DC (bar)
    3.41674e+03   -1.57835e+04   -1.53933e+04    2.97459e+02   -1.46979e+02
 Pressure (bar)
   -1.85232e+02

           Step           Time
           8000       16.00000

   Energies (kJ/mol)
           Bond          Angle    Proper Dih.          LJ-14     Coulomb-14
    2.45420e+00    2.54864e-01    1.81852e+00   -4.98104e-01   -2.91601e+02
        LJ (SR)  Disper. corr.   Coulomb (SR)   Coul. recip.      Potential
    2.95248e+03   -1.21825e+02   -2.20365e+04    1.70932e+02   -1.93225e+04
    Kinetic En.   Total Energy  Conserved En.    Temperature Pres. DC (bar)
    3.54386e+03   -1.57786e+04   -1.53985e+04    3.08526e+02   -1.46979e+02
 Pressure (bar)
    1.95507e+02

           Step           Time
           9000       18.00000

   Energies (kJ/mol)
           Bond          Angle    Proper Dih.          LJ-14     Coulomb-14
    4.56675e+00    1.16089e+00    7.49837e+00   -4.91418e-01   -2.87890e+02
        LJ (SR)  Disper. corr.   Coulomb (SR)   Coul. recip.      Potential
    2.76803e+03   -1.21825e+02   -2.16901e+04    1.90035e+02   -1.91291e+04
    Kinetic En.   Total Energy  Conserved En.    Temperature Pres. DC (bar)
    3.37950e+03   -1.57496e+04   -1.53911e+04    2.94217e+02   -1.46979e+02
 Pressure (bar)
   -4.26313e+02

           Step           Time
          10000       20.00000

   Energies (kJ/mol)
           Bond          Angle    Proper Dih.          LJ-14     Coulomb-14
    4.86815e+00    2.53762e+00    1.03212e+01   -4.99676e-01   -2.95944e+02
        LJ (SR)  Disper. corr.   Coulomb (SR)   Coul. recip.      Potential
    3.09949e+03   -1.21825e+02   -2.21027e+04    1.84004e+02   -1.92197e+04
    Kinetic En.   Total Energy  Conserved En.    Temperature Pres. DC (bar)
    3.60891e+03   -1.56108e+04   -1.53844e+04    3.14189e+02   -1.46979e+02
 Pressure (bar)
    1.09800e+03

           Step           Time
          11000       22.00000

   Energies (kJ/mol)
           Bond          Angle    Proper Dih.          LJ-14     Coulomb-14
    5.10930e+00    1.32363e+00    1.78995e+00   -4.99321e-01   -2.96490e+02
        LJ (SR)  Disper. corr.   Coulomb (SR)   Coul. recip.      Potential
    3.05065e+03   -1.21825e+02   -2.19615e+04    2.01337e+02   -1.91201e+04
    Kinetic En.   Total Energy  Conserved En.    Temperature Pres. DC (bar)
    3.35309e+03   -1.57670e+04   -1.53938e+04    2.91918e+02   -1.46979e+02
 Pressure (bar)
    8.52333e+02

           Step           Time
          12000       24.00000

   Energies (kJ/mol)
           Bond          Angle    Proper Dih.          LJ-14     Coulomb-14
    2.25107e+00    1.90861e+00    1.56436e+01   -4.97214e-01   -2.98264e+02
        LJ (SR)  Disper. corr.   Coulomb (SR)   Coul. recip.      Potential
    2.95902e+03   -1.21825e+02   -2.17169e+04    2.04613e+02   -1.89540e+04
    Kinetic En.   Total Energy  Conserved En.    Temperature Pres. DC (bar)
    3.35695e+03   -1.55971e+04   -1.53763e+04    2.92253e+02   -1.46979e+02
 Pressure (bar)
    6.65869e+02

           Step           Time
          13000       26.00000

   Energies (kJ/mol)
           Bond          Angle    Proper Dih.          LJ-14     Coulomb-14
    4.99643e-01    4.27284e+00    2.02006e+01   -4.78019e-01   -3.04206e+02
        LJ (SR)  Disper. corr.   Coulomb (SR)   Coul. recip.      Potential
    3.23925e+03   -1.21825e+02   -2.23617e+04    1.93068e+02   -1.93309e+04
    Kinetic En.   Total Energy  Conserved En.    Temperature Pres. DC (bar)
    3.40297e+03   -1.59279e+04   -1.53684e+04    2.96260e+02   -1.46979e+02
 Pressure (bar)
    1.25842e+03

           Step           Time
          14000       28.00000

   Energies (kJ/mol)
           Bond          Angle    Proper Dih.          LJ-14     Coulomb-14
    1.40414e+00    1.10051e+00    1.34377e-01    4.83396e+00   -3.75316e+02
        LJ (SR)  Disper. corr.   Coulomb (SR)   Coul. recip.      Potential
    2.83509e+03   -1.21825e+02   -2.16343e+04    1.94968e+02   -1.90939e+04
    Kinetic En.   Total Energy  Conserved En.    Temperature Pres. DC (bar)
    3.36232e+03   -1.57316e+04   -1.53461e+04    2.92721e+02   -1.46979e+02
 Pressure (bar)
    1.13952e+02

           Step           Time
          15000       30.00000

   Energies (kJ/mol)
           Bond          Angle    Proper Dih.          LJ-14     Coulomb-14
    5.87898e+00    1.42330e+00    1.35859e+00    3.74264e+00   -3.69948e+02
        LJ (SR)  Disper. corr.   Coulomb (SR)   Coul. recip.      Potential
    2.96393e+03   -1.21825e+02   -2.17994e+04    1.93266e+02   -1.91215e+04
    Kinetic En.   Total Energy  Conserved En.    Temperature Pres. DC (bar)
    3.42884e+03   -1.56927e+04   -1.53449e+04    2.98512e+02   -1.46979e+02
 Pressure (bar)
    3.75182e+02

           Step           Time
          16000       32.00000

   Energies (kJ/mol)
           Bond          Angle    Proper Dih.          LJ-14     Coulomb-14
    8.70094e+00    3.56664e+00    4.26579e-02    3.56539e+00   -3.68973e+02
        LJ (SR)  Disper. corr.   Coulomb (SR)   Coul. recip.      Potential
    3.04087e+03   -1.21825e+02   -2.17722e+04    1.85536e+02   -1.90208e+04
    Kinetic En.   Total Energy  Conserved En.    Temperature Pres. DC (bar)
    3.44964e+03   -1.55711e+04   -1.53448e+04    3.00323e+02   -1.46979e+02
 Pressure (bar)
    1.29717e+03

           Step           Time
          17000       34.00000

   Energies (kJ/mol)
           Bond          Angle    Proper Dih.          LJ-14     Coulomb-14
    8.78670e+00    6.92151e-01    5.77652e-01    8.83935e+00   -3.89405e+02
        LJ (SR)  Disper. corr.   Coulomb (SR)   Coul. recip.      Potential
    2.64029e+03   -1.21825e+02   -2.13985e+04    1.85144e+02   -1.90654e+04
    Kinetic En.   Total Energy  Conserved En.    Temperature Pres. DC (bar)
    3.54942e+03   -1.55160e+04   -1.53425e+04    3.09010e+02   -1.46979e+02
 Pressure (bar)
   -3.17110e+02

           Step           Time
          18000       36.00000

   Energies (kJ/mol)
           Bond          Angle    Proper Dih.          LJ-14     Coulomb-14
    6.84795e+00    1.41017e-01    3.92691e+00    3.98122e+00   -3.71210e+02
        LJ (SR)  Disper. corr.   Coulomb (SR)   Coul. recip.      Potential
    2.85513e+03   -1.21825e+02   -2.15002e+04    1.84855e+02   -1.89383e+04
    Kinetic En.   Total Energy  Conserved En.    Temperature Pres. DC (bar)
    3.47953e+03   -1.54588e+04   -1.53406e+04    3.02926e+02   -1.46979e+02
 Pressure (bar)
    1.71832e+02

           Step           Time
          19000       38.00000

   Energies (kJ/mol)
           Bond          Angle    Proper Dih.          LJ-14     Coulomb-14
    9.13597e-01    5.03397e-01    5.89073e-02    1.16632e+01   -3.96515e+02
        LJ (SR)  Disper. corr.   Coulomb (SR)   Coul. recip.      Potential
    2.90048e+03   -1.21825e+02   -2.19106e+04    1.84822e+02   -1.93305e+04
    Kinetic En.   Total Energy  Conserved En.    Temperature Pres. DC (bar)
    3.51173e+03   -1.58187e+04   -1.53431e+04    3.05729e+02   -1.46979e+02
 Pressure (bar)
   -9.45185e+01

           Step           Time
          20000       40.00000

   Energies (kJ/mol)
           Bond          Angle    Proper Dih.          LJ-14     Coulomb-14
    2.54360e+00    1.38184e-01    4.52904e-01    9.95283e+00   -3.92400e+02
        LJ (SR)  Disper. corr.   Coulomb (SR)   Coul. recip.      Potential
    2.94510e+03   -1.21825e+02   -2.19472e+04    1.90275e+02   -1.93130e+04
    Kinetic En.   Total Energy  Conserved En.    Temperature Pres. DC (bar)
    3.36099e+03   -1.59520e+04   -1.53416e+04    2.92605e+02   -1.46979e+02
 Pressure (bar)
    9.07348e+01

           Step           Time
          21000       42.00000

   Energies (kJ/mol)
           Bond          Angle    Proper Dih.          LJ-14     Coulomb-14
    1.62968e+00    4.72870e+00    1.52559e+00    2.03650e+00   -3.58721e+02
        LJ (SR)  Disper. corr.   Coulomb (SR)   Coul. recip.      Potential
    2.92930e+03   -1.21825e+02   -2.18108e+04    1.86615e+02   -1.91655e+04
    Kinetic En.   Total Energy  Conserved En.    Temperature Pres. DC (bar)
    3.46104e+03   -1.57045e+04   -1.53396e+04    3.01315e+02   -1.46979e+02
 Pressure (bar)
    4.22869e+02

           Step           Time
          22000       44.00000

   Energies (kJ/mol)
           Bond          Angle    Proper Dih.          LJ-14     Coulomb-14
    6.05844e+00    7.17208e+00    3.03810e+00    1.48658e+00   -3.53792e+02
        LJ (SR)  Disper. corr.   Coulomb (SR)   Coul. recip.      Potential
    2.80583e+03   -1.21825e+02   -2.16663e+04    1.84359e+02   -1.91340e+04
    Kinetic En.   Total Energy  Conserved En.    Temperature Pres. DC (bar)
    3.56221e+03   -1.55717e+04   -1.53379e+04    3.10124e+02   -1.46979e+02
 Pressure (bar)
   -7.18289e+01

           Step           Time
          23000       46.00000

   Energies (kJ/mol)
           Bond          Angle    Proper Dih.          LJ-14     Coulomb-14
    8.25598e+00    3.77398e+00    7.20081e-01    1.95551e+00   -3.58051e+02
        LJ (SR)  Disper. corr.   Coulomb (SR)   Coul. recip.      Potential
    2.87671e+03   -1.21825e+02   -2.15523e+04    2.21016e+02   -1.89198e+04
    Kinetic En.   Total Energy  Conserved En.    Temperature Pres. DC (bar)
    3.32584e+03   -1.55939e+04   -1.53386e+04    2.89545e+02   -1.46979e+02
 Pressure (bar)
    3.68847e+02

           Step           Time
          24000       48.00000

   Energies (kJ/mol)
           Bond          Angle    Proper Dih.          LJ-14     Coulomb-14
    2.20453e+00    1.25817e+00    3.04747e-01    7.88734e+00   -3.86596e+02
        LJ (SR)  Disper. corr.   Coulomb (SR)   Coul. recip.      Potential
    2.71235e+03   -1.21825e+02   -2.14868e+04    1.63938e+02   -1.91073e+04
    Kinetic En.   Total Energy  Conserved En.    Temperature Pres. DC (bar)
    3.33848e+03   -1.57688e+04   -1.53361e+04    2.90646e+02   -1.46979e+02
 Pressure (bar)
   -4.58251e+02

           Step           Time
          25000       50.00000

   Energies (kJ/mol)
           Bond          Angle    Proper Dih.          LJ-14     Coulomb-14
    1.55908e+00    3.98864e+00    2.30664e+01    8.14506e-01   -3.46056e+02
        LJ (SR)  Disper. corr.   Coulomb (SR)   Coul. recip.      Potential
    2.93313e+03   -1.21825e+02   -2.20800e+04    1.82304e+02   -1.94030e+04
    Kinetic En.   Total Energy  Conserved En.    Temperature Pres. DC (bar)
    3.42912e+03   -1.59739e+04   -1.53128e+04    2.98536e+02   -1.46979e+02
 Pressure (bar)
    1.47135e+01

           Step           Time
          26000       52.00000

   Energies (kJ/mol)
           Bond          Angle    Proper Dih.          LJ-14     Coulomb-14
    4.07861e+00    2.33090e+00    1.30692e+01    4.76971e+00   -3.75026e+02
        LJ (SR)  Disper. corr.   Coulomb (SR)   Coul. recip.      Potential
    3.06591e+03   -1.21825e+02   -2.18186e+04    1.78497e+02   -1.90468e+04
    Kinetic En.   Total Energy  Conserved En.    Temperature Pres. DC (bar)
    3.35802e+03   -1.56888e+04   -1.53156e+04    2.92347e+02   -1.46979e+02
 Pressure (bar)
    9.84496e+02

           Step           Time
          27000       54.00000

   Energies (kJ/mol)
           Bond          Angle    Proper Dih.          LJ-14     Coulomb-14
    4.77360e+00    4.44040e+00    1.99125e+01    1.71254e+00   -3.55933e+02
        LJ (SR)  Disper. corr.   Coulomb (SR)   Coul. recip.      Potential
    2.67687e+03   -1.21825e+02   -2.15233e+04    1.93646e+02   -1.90997e+04
    Kinetic En.   Total Energy  Conserved En.    Temperature Pres. DC (bar)
    3.43245e+03   -1.56673e+04   -1.53062e+04    2.98827e+02   -1.46979e+02
 Pressure (bar)
   -5.94270e+02

           Step           Time
          28000       56.00000

   Energies (kJ/mol)
           Bond          Angle    Proper Dih.          LJ-14     Coulomb-14
    2.02105e+00    3.50939e+00    2.12809e+01   -4.29787e-01   -3.10761e+02
        LJ (SR)  Disper. corr.   Coulomb (SR)   Coul. recip.      Potential
    2.84017e+03   -1.21825e+02   -2.17402e+04    1.96350e+02   -1.91099e+04
    Kinetic En.   Total Energy  Conserved En.    Temperature Pres. DC (bar)
    3.41566e+03   -1.56942e+04   -1.53057e+04    2.97365e+02   -1.46979e+02
 Pressure (bar)
    8.61987e+01

           Step           Time
          29000       58.00000

   Energies (kJ/mol)
           Bond          Angle    Proper Dih.          LJ-14     Coulomb-14
    7.28455e-01    2.78806e+00    2.02584e+00   -4.91333e-01   -2.87854e+02
        LJ (SR)  Disper. corr.   Coulomb (SR)   Coul. recip.      Potential
    2.98285e+03   -1.21825e+02   -2.20155e+04    1.94661e+02   -1.92426e+04
    Kinetic En.   Total Energy  Conserved En.    Temperature Pres. DC (bar)
    3.55123e+03   -1.56914e+04   -1.53255e+04    3.09167e+02   -1.46979e+02
 Pressure (bar)
    5.40216e+02

           Step           Time
          30000       60.00000

   Energies (kJ/mol)
           Bond          Angle    Proper Dih.          LJ-14     Coulomb-14
    1.69175e+00    6.53045e+00    2.75144e+00   -4.96069e-01   -2.90182e+02
        LJ (SR)  Disper. corr.   Coulomb (SR)   Coul. recip.      Potential
    3.02383e+03   -1.21825e+02   -2.21205e+04    1.82956e+02   -1.93152e+04
    Kinetic En.   Total Energy  Conserved En.    Temperature Pres. DC (bar)
    3.29562e+03   -1.60196e+04   -1.53255e+04    2.86914e+02   -1.46979e+02
 Pressure (bar)
    3.15171e+02

           Step           Time
          31000       62.00000

   Energies (kJ/mol)
           Bond          Angle    Proper Dih.          LJ-14     Coulomb-14
    1.28753e+00    2.82942e+00    1.09958e+01    1.47497e+00   -3.53677e+02
        LJ (SR)  Disper. corr.   Coulomb (SR)   Coul. recip.      Potential
    2.92064e+03   -1.21825e+02   -2.16666e+04    1.93492e+02   -1.90114e+04
    Kinetic En.   Total Energy  Conserved En.    Temperature Pres. DC (bar)
    3.30615e+03   -1.57053e+04   -1.53001e+04    2.87831e+02   -1.46979e+02
 Pressure (bar)
    3.06891e+02

           Step           Time
          32000       64.00000

   Energies (kJ/mol)
           Bond          Angle    Proper Dih.          LJ-14     Coulomb-14
    2.77529e+00    4.58912e-02    1.46965e+01   -4.96515e-01   -2.98672e+02
        LJ (SR)  Disper. corr.   Coulomb (SR)   Coul. recip.      Potential
    2.86703e+03   -1.21825e+02   -2.18005e+04    2.04045e+02   -1.91329e+04
    Kinetic En.   Total Energy  Conserved En.    Temperature Pres. DC (bar)
    3.39473e+03   -1.57382e+04   -1.53002e+04    2.95543e+02   -1.46979e+02
 Pressure (bar)
   -9.32170e+01

           Step           Time
          33000       66.00000

   Energies (kJ/mol)
           Bond          Angle    Proper Dih.          LJ-14     Coulomb-14
    5.05513e-01    2.19464e-01    1.41373e+01   -4.98765e-01   -2.97099e+02
        LJ (SR)  Disper. corr.   Coulomb (SR)   Coul. recip.      Potential
    3.05469e+03   -1.21825e+02   -2.20581e+04    1.86912e+02   -1.92210e+04
    Kinetic En.   Total Energy  Conserved En.    Temperature Pres. DC (bar)
    3.45377e+03   -1.57672e+04   -1.53017e+04    3.00683e+02   -1.46979e+02
 Pressure (bar)
    8.79992e+02

           Step           Time
          34000       68.00000

   Energies (kJ/mol)
           Bond          Angle    Proper Dih.          LJ-14     Coulomb-14
    7.79792e+00    6.23516e-02    3.21614e+01    1.90075e+00   -3.57588e+02
        LJ (SR)  Disper. corr.   Coulomb (SR)   Coul. recip.      Potential
    2.92211e+03   -1.21825e+02   -2.16478e+04    1.93977e+02   -1.89692e+04
    Kinetic En.   Total Energy  Conserved En.    Temperature Pres. DC (bar)
    3.42403e+03   -1.55452e+04   -1.52711e+04    2.98094e+02   -1.46979e+02
 Pressure (bar)
    7.59594e+02

           Step           Time
          35000       70.00000

   Energies (kJ/mol)
           Bond          Angle    Proper Dih.          LJ-14     Coulomb-14
    1.44098e+01    1.12950e+00    2.37393e+00   -4.99111e-01   -2.96743e+02
        LJ (SR)  Disper. corr.   Coulomb (SR)   Coul. recip.      Potential
    3.08311e+03   -1.21825e+02   -2.19237e+04    1.97079e+02   -1.90446e+04
    Kinetic En.   Total Energy  Conserved En.    Temperature Pres. DC (bar)
    3.49628e+03   -1.55483e+04   -1.53068e+04    3.04384e+02   -1.46979e+02
 Pressure (bar)
    1.28082e+03

           Step           Time
          36000       72.00000

   Energies (kJ/mol)
           Bond          Angle    Proper Dih.          LJ-14     Coulomb-14
    1.63923e+01    2.14252e+00    3.12539e+01   -3.94955e-01   -3.13835e+02
        LJ (SR)  Disper. corr.   Coulomb (SR)   Coul. recip.      Potential
    2.65389e+03   -1.21825e+02   -2.11813e+04    1.84196e+02   -1.87295e+04
    Kinetic En.   Total Energy  Conserved En.    Temperature Pres. DC (bar)
    3.38370e+03   -1.53458e+04   -1.52727e+04    2.94582e+02   -1.46979e+02
 Pressure (bar)
    9.86268e+01

           Step           Time
          37000       74.00000

   Energies (kJ/mol)
           Bond          Angle    Proper Dih.          LJ-14     Coulomb-14
    8.01120e+00    1.88541e+00    2.28871e+01    4.92557e+00   -3.75724e+02
        LJ (SR)  Disper. corr.   Coulomb (SR)   Coul. recip.      Potential
    2.84719e+03   -1.21825e+02   -2.16197e+04    1.85810e+02   -1.90466e+04
    Kinetic En.   Total Energy  Conserved En.    Temperature Pres. DC (bar)
    3.54818e+03   -1.54984e+04   -1.52710e+04    3.08902e+02   -1.46979e+02
 Pressure (bar)
    2.27734e+02

           Step           Time
          38000       76.00000

   Energies (kJ/mol)
           Bond          Angle    Proper Dih.          LJ-14     Coulomb-14
    4.06644e+00    3.09268e+00    8.99053e+00    3.13461e+00   -3.66451e+02
        LJ (SR)  Disper. corr.   Coulomb (SR)   Coul. recip.      Potential
    2.89280e+03   -1.21825e+02   -2.15297e+04    1.92687e+02   -1.89132e+04
    Kinetic En.   Total Energy  Conserved En.    Temperature Pres. DC (bar)
    3.42775e+03   -1.54855e+04   -1.52802e+04    2.98417e+02   -1.46979e+02
 Pressure (bar)
    6.73130e+02

           Step           Time
          39000       78.00000

   Energies (kJ/mol)
           Bond          Angle    Proper Dih.          LJ-14     Coulomb-14
    4.21940e+00    4.37456e+00    1.23001e-01    3.69524e+00   -3.69691e+02
        LJ (SR)  Disper. corr.   Coulomb (SR)   Coul. recip.      Potential
    2.70492e+03   -1.21825e+02   -2.14011e+04    1.98953e+02   -1.89763e+04
    Kinetic En.   Total Energy  Conserved En.    Temperature Pres. DC (bar)
    3.41887e+03   -1.55574e+04   -1.52887e+04    2.97644e+02   -1.46979e+02
 Pressure (bar)
   -3.57704e+02

           Step           Time
          40000       80.00000

   Energies (kJ/mol)
           Bond          Angle    Proper Dih.          LJ-14     Coulomb-14
    9.70053e+00    1.16883e+00    3.79235e+01    1.15293e+00   -3.50256e+02
        LJ (SR)  Disper. corr.   Coulomb (SR)   Coul. recip.      Potential
    3.15293e+03   -1.21825e+02   -2.17454e+04    1.97693e+02   -1.88169e+04
    Kinetic En.   Total Energy  Conserved En.    Temperature Pres. DC (bar)
    3.52106e+03   -1.52958e+04   -1.52481e+04    3.06540e+02   -1.46979e+02
 Pressure (bar)
    1.84182e+03

           Step           Time
          41000       82.00000

   Energies (kJ/mol)
           Bond          Angle    Proper Dih.          LJ-14     Coulomb-14
    1.04101e+01    1.44746e+00    8.60927e+00    9.69427e+00   -3.91729e+02
        LJ (SR)  Disper. corr.   Coulomb (SR)   Coul. recip.      Potential
    2.83643e+03   -1.21825e+02   -2.15474e+04    1.99057e+02   -1.89953e+04
    Kinetic En.   Total Energy  Conserved En.    Temperature Pres. DC (bar)
    3.45695e+03   -1.55384e+04   -1.52735e+04    3.00959e+02   -1.46979e+02
 Pressure (bar)
    1.70945e+02

           Step           Time
          42000       84.00000

   Energies (kJ/mol)
           Bond          Angle    Proper Dih.          LJ-14     Coulomb-14
    1.24873e+01    5.00722e+00    2.41960e+01   -4.94770e-01   -2.99529e+02
        LJ (SR)  Disper. corr.   Coulomb (SR)   Coul. recip.      Potential
    2.99392e+03   -1.21825e+02   -2.18859e+04    1.93078e+02   -1.90791e+04
    Kinetic En.   Total Energy  Conserved En.    Temperature Pres. DC (bar)
    3.55685e+03   -1.55222e+04   -1.52610e+04    3.09656e+02   -1.46979e+02
 Pressure (bar)
    9.55299e+02

           Step           Time
          43000       86.00000

   Energies (kJ/mol)
           Bond          Angle    Proper Dih.          LJ-14     Coulomb-14
    8.45709e+00    3.16897e+00    7.07182e-01   -4.91450e-01   -3.00806e+02
        LJ (SR)  Disper. corr.   Coulomb (SR)   Coul. recip.      Potential
    2.93021e+03   -1.21825e+02   -2.18056e+04    2.13020e+02   -1.90732e+04
    Kinetic En.   Total Energy  Conserved En.    Temperature Pres. DC (bar)
    3.50992e+03   -1.55632e+04   -1.52817e+04    3.05571e+02   -1.46979e+02
 Pressure (bar)
    6.06341e+02

           Step           Time
          44000       88.00000

   Energies (kJ/mol)
           Bond          Angle    Proper Dih.          LJ-14     Coulomb-14
    1.05536e+01    1.50845e-01    2.84683e-01    7.17669e+00   -3.84320e+02
        LJ (SR)  Disper. corr.   Coulomb (SR)   Coul. recip.      Potential
    2.84907e+03   -1.21825e+02   -2.14893e+04    1.81803e+02   -1.89464e+04
    Kinetic En.   Total Energy  Conserved En.    Temperature Pres. DC (bar)
    3.35820e+03   -1.55882e+04   -1.52724e+04    2.92362e+02   -1.46979e+02
 Pressure (bar)
    2.78870e+02

           Step           Time
          45000       90.00000

   Energies (kJ/mol)
           Bond          Angle    Proper Dih.          LJ-14     Coulomb-14
    1.26376e+01    4.42785e+00    4.68986e+00    5.46492e+00   -3.78020e+02
        LJ (SR)  Disper. corr.   Coulomb (SR)   Coul. recip.      Potential
    3.04056e+03   -1.21825e+02   -2.20307e+04    1.95113e+02   -1.92677e+04
    Kinetic En.   Total Energy  Conserved En.    Temperature Pres. DC (bar)
    3.64261e+03   -1.56251e+04   -1.52691e+04    3.17123e+02   -1.46979e+02
 Pressure (bar)
    4.68132e+02

           Step           Time
          46000       92.00000

   Energies (kJ/mol)
           Bond          Angle    Proper Dih.          LJ-14     Coulomb-14
    5.23266e+00    5.93153e-01    3.94594e+01   -1.34897e-01   -3.26660e+02
        LJ (SR)  Disper. corr.   Coulomb (SR)   Coul. recip.      Potential
    2.77079e+03   -1.21825e+02   -2.16014e+04    1.91655e+02   -1.90423e+04
    Kinetic En.   Total Energy  Conserved En.    Temperature Pres. DC (bar)
    3.35643e+03   -1.56858e+04   -1.52322e+04    2.92208e+02   -1.46979e+02
 Pressure (bar)
   -2.46193e+02

           Step           Time
          47000       94.00000

   Energies (kJ/mol)
           Bond          Angle    Proper Dih.          LJ-14     Coulomb-14
    5.20031e+00    3.16978e-01    3.98350e+01    5.78072e-02   -3.32330e+02
        LJ (SR)  Disper. corr.   Coulomb (SR)   Coul. recip.      Potential
    2.75919e+03   -1.21825e+02   -2.18028e+04    1.89965e+02   -1.92624e+04
    Kinetic En.   Total Energy  Conserved En.    Temperature Pres. DC (bar)
    3.51450e+03   -1.57479e+04   -1.52315e+04    3.05969e+02   -1.46979e+02
 Pressure (bar)
   -3.54361e+02

           Step           Time
          48000       96.00000

   Energies (kJ/mol)
           Bond          Angle    Proper Dih.          LJ-14     Coulomb-14
    2.56604e+00    6.04357e-01    2.33763e+01   -4.63632e-01   -3.06672e+02
        LJ (SR)  Disper. corr.   Coulomb (SR)   Coul. recip.      Potential
    2.70923e+03   -1.21825e+02   -2.13936e+04    1.97876e+02   -1.88889e+04
    Kinetic En.   Total Energy  Conserved En.    Temperature Pres. DC (bar)
    3.40150e+03   -1.54874e+04   -1.52400e+04    2.96132e+02   -1.46979e+02
 Pressure (bar)
   -1.94793e+02

           Step           Time
          49000       98.00000

   Energies (kJ/mol)
           Bond          Angle    Proper Dih.          LJ-14     Coulomb-14
    5.80016e+00    1.74071e-01    2.20037e-01   -4.91565e-01   -2.87952e+02
        LJ (SR)  Disper. corr.   Coulomb (SR)   Coul. recip.      Potential
    3.11959e+03   -1.21825e+02   -2.20148e+04    2.00088e+02   -1.90992e+04
    Kinetic En.   Total Energy  Conserved En.    Temperature Pres. DC (bar)
    3.29338e+03   -1.58058e+04   -1.52642e+04    2.86719e+02   -1.46979e+02
 Pressure (bar)
    9.47764e+02

           Step           Time
          50000      100.00000

Writing checkpoint, step 50000 at Tue Oct 26 19:33:39 2021


   Energies (kJ/mol)
           Bond          Angle    Proper Dih.          LJ-14     Coulomb-14
    4.02514e+00    3.08442e+00    1.47342e+01    1.56677e+00   -3.54573e+02
        LJ (SR)  Disper. corr.   Coulomb (SR)   Coul. recip.      Potential
    2.61739e+03   -1.21825e+02   -2.13900e+04    2.09192e+02   -1.90164e+04
    Kinetic En.   Total Energy  Conserved En.    Temperature Pres. DC (bar)
    3.48430e+03   -1.55321e+04   -1.52393e+04    3.03341e+02   -1.46979e+02
 Pressure (bar)
   -5.94104e+02


	<======  ###############  ==>
	<====  A V E R A G E S  ====>
	<==  ###############  ======>

	Statistics over 50001 steps using 50001 frames

   Energies (kJ/mol)
           Bond          Angle    Proper Dih.          LJ-14     Coulomb-14
    4.41692e+00    2.35146e+00    1.20736e+01    1.87938e+00   -3.32704e+02
        LJ (SR)  Disper. corr.   Coulomb (SR)   Coul. recip.      Potential
    2.93946e+03   -1.21825e+02   -2.18087e+04    1.91234e+02   -1.91118e+04
    Kinetic En.   Total Energy  Conserved En.    Temperature Pres. DC (bar)
    3.43096e+03   -1.56808e+04   -1.53232e+04    2.98697e+02   -1.46979e+02
 Pressure (bar)
    4.25053e+02

   Total Virial (kJ/mol)
    9.49549e+02    5.66689e+00    4.06253e+00
    5.80472e+00    9.72379e+02   -1.12879e+00
    3.90359e+00   -1.14214e+00    9.81146e+02

   Pressure (bar)
    4.70241e+02   -1.49243e+01   -1.03534e+01
   -1.52573e+01    4.11353e+02    5.14580e-01
   -9.96949e+00    5.46836e-01    3.93564e+02

  Epot (kJ/mol)        Coul-SR          LJ-SR        Coul-14          LJ-14   
        LIG-LIG   -1.82151e+02    0.00000e+00   -3.32704e+02    1.87938e+00
        LIG-SOL   -4.26204e+02    4.61845e+01    0.00000e+00    0.00000e+00
        SOL-SOL   -2.12003e+04    2.89328e+03    0.00000e+00    0.00000e+00

          T-LIG          T-SOL
    3.02168e+02    2.98682e+02


	M E G A - F L O P S   A C C O U N T I N G

 NB=Group-cutoff nonbonded kernels    NxN=N-by-N cluster Verlet kernels
 RF=Reaction-Field  VdW=Van der Waals  QSTab=quadratic-spline table
 W3=SPC/TIP3p  W4=TIP4p (single or pairs)
 V&F=Potential and force  V=Potential only  F=Force only

 Computing:                               M-Number         M-Flops  % Flops
-----------------------------------------------------------------------------
 Pair Search distance check             580.259506        5222.336     0.1
 NxN Ewald Elec. + LJ [V&F]           16624.867744     2111358.203    57.3
 NxN LJ [V&F]                             0.316160          19.918     0.0
 NxN Ewald Elec. [V&F]                16046.174592     1347878.666    36.6
 1,4 nonbonded interactions               0.050001           4.500     0.0
 Calc Weights                           207.154143        7457.549     0.2
 Spread Q Bspline                      4419.288384        8838.577     0.2
 Gather F Bspline                      4419.288384       26515.730     0.7
 3D-FFT                               19015.080294      152120.642     4.1
 Solve PME                               28.800576        1843.237     0.1
 Shift-X                                  1.727631          10.366     0.0
 Bonds                                    0.150003           8.850     0.0
 Angles                                   0.100002          16.800     0.0
 Propers                                  0.050001          11.450     0.0
 Virial                                  71.301426        1283.426     0.0
 Stop-CM                                 69.052762         690.528     0.0
 Calc-Ekin                               69.051381        1864.387     0.1
 Constraint-V                            68.851377         550.811     0.0
 Constraint-Vir                          68.851377        1652.433     0.0
 Settle                                  45.901836       14826.293     0.4
-----------------------------------------------------------------------------
 Total                                                 3682174.703   100.0
-----------------------------------------------------------------------------


     R E A L   C Y C L E   A N D   T I M E   A C C O U N T I N G

On 1 MPI rank, each using 16 OpenMP threads

 Computing:          Num   Num      Call    Wall time         Giga-Cycles
                     Ranks Threads  Count      (s)         total sum    %
-----------------------------------------------------------------------------
 Neighbor search        1   16       1251       0.456         15.287   1.4
 Force                  1   16      50001      17.145        574.725  53.9
 PME mesh               1   16      50001       7.057        236.543  22.2
 NB X/F buffer ops.     1   16      98751       0.837         28.049   2.6
 Write traj.            1   16         51       0.427         14.328   1.3
 Update                 1   16     200004       1.225         41.079   3.9
 Constraints            1   16     100004       1.217         40.779   3.8
 Rest                                           3.466        116.196  10.9
-----------------------------------------------------------------------------
 Total                                         31.830       1066.986 100.0
-----------------------------------------------------------------------------
 Breakdown of PME mesh computation
-----------------------------------------------------------------------------
 PME spread             1   16      50001       2.218         74.364   7.0
 PME gather             1   16      50001       1.799         60.308   5.7
 PME 3D-FFT             1   16     100002       2.276         76.286   7.1
 PME solve Elec         1   16      50001       0.664         22.242   2.1
-----------------------------------------------------------------------------

               Core t (s)   Wall t (s)        (%)
       Time:      505.964       31.830     1589.6
                 (ns/day)    (hour/ns)
Performance:      271.444        0.088
Finished mdrun on rank 0 Tue Oct 26 19:33:40 2021

PLUMED:                                               Cycles        Total      Average      Minumum      Maximum
PLUMED:                                                    1     3.482934     3.482934     3.482934     3.482934
PLUMED: 1 Prepare dependencies                         50001     0.060569     0.000001     0.000001     0.000084
PLUMED: 2 Sharing data                                 50001     0.375682     0.000008     0.000006     0.006474
PLUMED: 3 Waiting for data                             50001     0.051698     0.000001     0.000001     0.000991
PLUMED: 4 Calculating (forward loop)                   50001     0.579882     0.000012     0.000010     0.005253
PLUMED: 5 Applying (backward loop)                     50001     0.406987     0.000008     0.000007     0.001003
PLUMED: 6 Update                                       50001     0.803247     0.000016     0.000002     0.105818
