                  :-) GROMACS - gmx mdrun, 2020.4-MODIFIED (-:

                            GROMACS is written by:
     Emile Apol      Rossen Apostolov      Paul Bauer     Herman J.C. Berendsen
    Par Bjelkmar      Christian Blau   Viacheslav Bolnykh     Kevin Boyd    
 Aldert van Buuren   Rudi van Drunen     Anton Feenstra       Alan Gray     
  Gerrit Groenhof     Anca Hamuraru    Vincent Hindriksen  M. Eric Irrgang  
  Aleksei Iupinov   Christoph Junghans     Joe Jordan     Dimitrios Karkoulis
    Peter Kasson        Jiri Kraus      Carsten Kutzner      Per Larsson    
  Justin A. Lemkul    Viveca Lindahl    Magnus Lundborg     Erik Marklund   
    Pascal Merz     Pieter Meulenhoff    Teemu Murtola       Szilard Pall   
    Sander Pronk      Roland Schulz      Michael Shirts    Alexey Shvetsov  
   Alfons Sijbers     Peter Tieleman      Jon Vincent      Teemu Virolainen 
 Christian Wennberg    Maarten Wolf      Artem Zhmurov   
                           and the project leaders:
        Mark Abraham, Berk Hess, Erik Lindahl, and David van der Spoel

Copyright (c) 1991-2000, University of Groningen, The Netherlands.
Copyright (c) 2001-2019, The GROMACS development team at
Uppsala University, Stockholm University and
the Royal Institute of Technology, Sweden.
check out http://www.gromacs.org for more information.

GROMACS is free software; you can redistribute it and/or modify it
under the terms of the GNU Lesser General Public License
as published by the Free Software Foundation; either version 2.1
of the License, or (at your option) any later version.

GROMACS:      gmx mdrun, version 2020.4-MODIFIED
Executable:   /usr/local/gromacs/bin/gmx
Data prefix:  /usr/local/gromacs
Working dir:  /media/wei-tse/ADATA NH03/CU Boulder data/MetaD_TestSys/System2/0813_Simulations/4vdw_Sys/charged/additional_exp/Exp_8/Group_1
Process ID:   22853
Command line:
  gmx mdrun -s sys2_cccc.tpr -o sys2_cccc.trr -c sys2_cccc_output.gro -e sys2_cccc.edr -dhdl sys2_cccc_dhdl.xvg -g sys2_cccc.log -plumed -cpi state.cpt

GROMACS version:    2020.4-MODIFIED
This program has been built from source code that has been altered and does not match the code released as part of the official GROMACS version 2020.4-MODIFIED. If you did not intend to use an altered GROMACS version, make sure to download an intact source distribution and compile that before proceeding.
If you have modified the source code, you are strongly encouraged to set your custom version suffix (using -DGMX_VERSION_STRING_OF_FORK) which will can help later with scientific reproducibility but also when reporting bugs.
Release checksum: 79c2857291b034542c26e90512b92fd4b184a1c9d6fa59c55f2e24ccf14e7281
Computed checksum: 71730c3e53f008bf8a6c6ee90f305b5807e001d8824f2de8ace37d9da6377c65
Precision:          single
Memory model:       64 bit
MPI library:        thread_mpi
OpenMP support:     enabled (GMX_OPENMP_MAX_THREADS = 64)
GPU support:        disabled
SIMD instructions:  AVX2_256
FFT library:        fftw-3.3.8-sse2-avx
RDTSCP usage:       enabled
TNG support:        enabled
Hwloc support:      hwloc-1.11.9
Tracing support:    disabled
C compiler:         /usr/bin/gcc-7 GNU 7.5.0
C compiler flags:   -mavx2 -mfma -fexcess-precision=fast -funroll-all-loops -fopenmp -O3 -DNDEBUG
C++ compiler:       /usr/bin/g++-7 GNU 7.5.0
C++ compiler flags: -mavx2 -mfma -fexcess-precision=fast -funroll-all-loops -fopenmp -O3 -DNDEBUG


Running on 1 node with total 8 cores, 16 logical cores
Hardware detected:
  CPU info:
    Vendor: Intel
    Brand:  Intel(R) Xeon(R) Silver 4110 CPU @ 2.10GHz
    Family: 6   Model: 85   Stepping: 4
    Features: aes apic avx avx2 avx512f avx512cd avx512bw avx512vl clfsh cmov cx8 cx16 f16c fma hle htt intel lahf mmx msr nonstop_tsc pcid pclmuldq pdcm pdpe1gb popcnt pse rdrnd rdtscp rtm sse2 sse3 sse4.1 sse4.2 ssse3 tdt x2apic
    Number of AVX-512 FMA units: 1 (AVX2 is faster w/o 2 AVX-512 FMA units)
  Hardware topology: Full, with devices
    Sockets, cores, and logical processors:
      Socket  0: [   0   8] [   1   9] [   2  10] [   3  11] [   4  12] [   5  13] [   6  14] [   7  15]
    Numa nodes:
      Node  0 (16398008320 bytes mem):   0   1   2   3   4   5   6   7   8   9  10  11  12  13  14  15
      Latency:
               0
         0  1.00
    Caches:
      L1: 32768 bytes, linesize 64 bytes, assoc. 8, shared 2 ways
      L2: 1048576 bytes, linesize 64 bytes, assoc. 16, shared 2 ways
      L3: 11534336 bytes, linesize 64 bytes, assoc. 11, shared 16 ways
    PCI devices:
      0000:00:11.5  Id: 8086:a1d2  Class: 0x0106  Numa: 0
      0000:00:16.2  Id: 8086:a1bc  Class: 0x0101  Numa: 0
      0000:00:17.0  Id: 8086:2826  Class: 0x0104  Numa: 0
      0000:02:00.0  Id: 8086:1533  Class: 0x0200  Numa: 0
      0000:00:1f.6  Id: 8086:15b9  Class: 0x0200  Numa: 0
      0000:64:05.5  Id: 8086:201d  Class: 0x0104  Numa: 0
      0000:b3:00.0  Id: 1002:6995  Class: 0x0300  Numa: 0


++++ PLEASE READ AND CITE THE FOLLOWING REFERENCE ++++
M. J. Abraham, T. Murtola, R. Schulz, S. Páll, J. C. Smith, B. Hess, E.
Lindahl
GROMACS: High performance molecular simulations through multi-level
parallelism from laptops to supercomputers
SoftwareX 1 (2015) pp. 19-25
-------- -------- --- Thank You --- -------- --------


++++ PLEASE READ AND CITE THE FOLLOWING REFERENCE ++++
S. Páll, M. J. Abraham, C. Kutzner, B. Hess, E. Lindahl
Tackling Exascale Software Challenges in Molecular Dynamics Simulations with
GROMACS
In S. Markidis & E. Laure (Eds.), Solving Software Challenges for Exascale 8759 (2015) pp. 3-27
-------- -------- --- Thank You --- -------- --------


++++ PLEASE READ AND CITE THE FOLLOWING REFERENCE ++++
S. Pronk, S. Páll, R. Schulz, P. Larsson, P. Bjelkmar, R. Apostolov, M. R.
Shirts, J. C. Smith, P. M. Kasson, D. van der Spoel, B. Hess, and E. Lindahl
GROMACS 4.5: a high-throughput and highly parallel open source molecular
simulation toolkit
Bioinformatics 29 (2013) pp. 845-54
-------- -------- --- Thank You --- -------- --------


++++ PLEASE READ AND CITE THE FOLLOWING REFERENCE ++++
B. Hess and C. Kutzner and D. van der Spoel and E. Lindahl
GROMACS 4: Algorithms for highly efficient, load-balanced, and scalable
molecular simulation
J. Chem. Theory Comput. 4 (2008) pp. 435-447
-------- -------- --- Thank You --- -------- --------


++++ PLEASE READ AND CITE THE FOLLOWING REFERENCE ++++
D. van der Spoel, E. Lindahl, B. Hess, G. Groenhof, A. E. Mark and H. J. C.
Berendsen
GROMACS: Fast, Flexible and Free
J. Comp. Chem. 26 (2005) pp. 1701-1719
-------- -------- --- Thank You --- -------- --------


++++ PLEASE READ AND CITE THE FOLLOWING REFERENCE ++++
E. Lindahl and B. Hess and D. van der Spoel
GROMACS 3.0: A package for molecular simulation and trajectory analysis
J. Mol. Mod. 7 (2001) pp. 306-317
-------- -------- --- Thank You --- -------- --------


++++ PLEASE READ AND CITE THE FOLLOWING REFERENCE ++++
H. J. C. Berendsen, D. van der Spoel and R. van Drunen
GROMACS: A message-passing parallel molecular dynamics implementation
Comp. Phys. Comm. 91 (1995) pp. 43-56
-------- -------- --- Thank You --- -------- --------


++++ PLEASE CITE THE DOI FOR THIS VERSION OF GROMACS ++++
https://doi.org/10.5281/zenodo.4054979
-------- -------- --- Thank You --- -------- --------

Multiple energy groups is not implemented for GPUs, falling back to the CPU. For better performance, run on the GPU without energy groups and then do gmx mdrun -rerun option on the trajectory with an energy group .tpr file.
Input Parameters:
   integrator                     = md-vv
   tinit                          = 0
   dt                             = 0.002
   nsteps                         = 1000
   init-step                      = 0
   simulation-part                = 1
   comm-mode                      = Linear
   nstcomm                        = 1
   bd-fric                        = 0
   ld-seed                        = -235416166
   emtol                          = 10
   emstep                         = 0.01
   niter                          = 20
   fcstep                         = 0
   nstcgsteep                     = 1000
   nbfgscorr                      = 10
   rtpi                           = 0.05
   nstxout                        = 100
   nstvout                        = 100
   nstfout                        = 0
   nstlog                         = 1000
   nstcalcenergy                  = 1
   nstenergy                      = 1
   nstxout-compressed             = 0
   compressed-x-precision         = 1000
   cutoff-scheme                  = Verlet
   nstlist                        = 10
   pbc                            = xyz
   periodic-molecules             = false
   verlet-buffer-tolerance        = 0.005
   rlist                          = 0.9
   coulombtype                    = PME
   coulomb-modifier               = Potential-shift
   rcoulomb-switch                = 0.89
   rcoulomb                       = 0.9
   epsilon-r                      = 1
   epsilon-rf                     = inf
   vdw-type                       = Cut-off
   vdw-modifier                   = Potential-switch
   rvdw-switch                    = 0.85
   rvdw                           = 0.9
   DispCorr                       = AllEnerPres
   table-extension                = 1
   fourierspacing                 = 0.1
   fourier-nx                     = 24
   fourier-ny                     = 24
   fourier-nz                     = 24
   pme-order                      = 4
   ewald-rtol                     = 1e-05
   ewald-rtol-lj                  = 0.001
   lj-pme-comb-rule               = Geometric
   ewald-geometry                 = 0
   epsilon-surface                = 0
   tcoupl                         = V-rescale
   nsttcouple                     = 1
   nh-chain-length                = 0
   print-nose-hoover-chain-variables = false
   pcoupl                         = No
   pcoupltype                     = Isotropic
   nstpcouple                     = -1
   tau-p                          = 1
   compressibility (3x3):
      compressibility[    0]={ 0.00000e+00,  0.00000e+00,  0.00000e+00}
      compressibility[    1]={ 0.00000e+00,  0.00000e+00,  0.00000e+00}
      compressibility[    2]={ 0.00000e+00,  0.00000e+00,  0.00000e+00}
   ref-p (3x3):
      ref-p[    0]={ 0.00000e+00,  0.00000e+00,  0.00000e+00}
      ref-p[    1]={ 0.00000e+00,  0.00000e+00,  0.00000e+00}
      ref-p[    2]={ 0.00000e+00,  0.00000e+00,  0.00000e+00}
   refcoord-scaling               = No
   posres-com (3):
      posres-com[0]= 0.00000e+00
      posres-com[1]= 0.00000e+00
      posres-com[2]= 0.00000e+00
   posres-comB (3):
      posres-comB[0]= 0.00000e+00
      posres-comB[1]= 0.00000e+00
      posres-comB[2]= 0.00000e+00
   QMMM                           = false
   QMconstraints                  = 0
   QMMMscheme                     = 0
   MMChargeScaleFactor            = 1
qm-opts:
   ngQM                           = 0
   constraint-algorithm           = Lincs
   continuation                   = false
   Shake-SOR                      = false
   shake-tol                      = 0.0001
   lincs-order                    = 12
   lincs-iter                     = 2
   lincs-warnangle                = 30
   nwall                          = 0
   wall-type                      = 9-3
   wall-r-linpot                  = -1
   wall-atomtype[0]               = -1
   wall-atomtype[1]               = -1
   wall-density[0]                = 0
   wall-density[1]                = 0
   wall-ewald-zfac                = 3
   pull                           = false
   awh                            = false
   rotation                       = false
   interactiveMD                  = false
   disre                          = No
   disre-weighting                = Conservative
   disre-mixed                    = false
   dr-fc                          = 1000
   dr-tau                         = 0
   nstdisreout                    = 100
   orire-fc                       = 0
   orire-tau                      = 0
   nstorireout                    = 100
   free-energy                    = expanded
   init-lambda                    = -1
   init-lambda-state              = 0
   delta-lambda                   = 0
   nstdhdl                        = 1000
   n-lambdas                      = 20
   separate-dvdl:
       fep-lambdas =   FALSE
      mass-lambdas =   FALSE
      coul-lambdas =   TRUE
       vdw-lambdas =   TRUE
    bonded-lambdas =   FALSE
 restraint-lambdas =   FALSE
temperature-lambdas =   FALSE
all-lambdas:
       fep-lambdas =            0           0           0           0           0           0           0           0           0           0           0           0           0           0           0           0           0           0           0           0
      mass-lambdas =            0           0           0           0           0           0           0           0           0           0           0           0           0           0           0           0           0           0           0           0
      coul-lambdas =            0        0.05         0.1         0.2         0.3        0.35         0.4        0.45         0.5         0.6         0.7        0.85           1           1           1           1           1           1           1           1
       vdw-lambdas =            0           0           0           0           0           0           0           0           0           0           0           0           0         0.2         0.4         0.5         0.6         0.7         0.8           1
    bonded-lambdas =            0           0           0           0           0           0           0           0           0           0           0           0           0           0           0           0           0           0           0           0
 restraint-lambdas =            0           0           0           0           0           0           0           0           0           0           0           0           0           0           0           0           0           0           0           0
temperature-lambdas =            0           0           0           0           0           0           0           0           0           0           0           0           0           0           0           0           0           0           0           0
   calc-lambda-neighbors          = -1
   dhdl-print-energy              = total
   sc-alpha                       = 0.5
   sc-power                       = 1
   sc-r-power                     = 6
   sc-sigma                       = 0.3
   sc-sigma-min                   = 0.3
   sc-coul                        = false
   dh-hist-size                   = 0
   dh-hist-spacing                = 0.1
   separate-dhdl-file             = yes
   dhdl-derivatives               = yes
   nstexpanded                    = 10
   lmc-stats                      = wang-landau
   lmc-move                       = metropolized-gibbs
   lmc-weights-equil              = wl-delta
   weight-equil-wl-delta          = 0.001
   lmc-seed                       = 1000
   mc-temperature                 = 298
   lmc-repeats                    = 1
   lmc-gibbsdelta                 = -1
   lmc-forced-nstart              = 0
   symmetrized-transition-matrix  = true
   nst-transition-matrix          = 100000
   mininum-var-min                = 100
   weight-c-range                 = 0
   wl-scale                       = 0.8
   wl-ratio                       = 0.8
   init-wl-delta                  = 0.5
   wl-oneovert                    = false
      init-lambda-weights (20):
      init-lambda-weights[0]= 0.00000e+00
      init-lambda-weights[1]= 0.00000e+00
      init-lambda-weights[2]= 0.00000e+00
      init-lambda-weights[3]= 0.00000e+00
      init-lambda-weights[4]= 0.00000e+00
      init-lambda-weights[5]= 0.00000e+00
      init-lambda-weights[6]= 0.00000e+00
      init-lambda-weights[7]= 0.00000e+00
      init-lambda-weights[8]= 0.00000e+00
      init-lambda-weights[9]= 0.00000e+00
      init-lambda-weights[10]= 0.00000e+00
      init-lambda-weights[11]= 0.00000e+00
      init-lambda-weights[12]= 0.00000e+00
      init-lambda-weights[13]= 0.00000e+00
      init-lambda-weights[14]= 0.00000e+00
      init-lambda-weights[15]= 0.00000e+00
      init-lambda-weights[16]= 0.00000e+00
      init-lambda-weights[17]= 0.00000e+00
      init-lambda-weights[18]= 0.00000e+00
      init-lambda-weights[19]= 0.00000e+00
   init-weights                   = false
   cos-acceleration               = 0
   deform (3x3):
      deform[    0]={ 0.00000e+00,  0.00000e+00,  0.00000e+00}
      deform[    1]={ 0.00000e+00,  0.00000e+00,  0.00000e+00}
      deform[    2]={ 0.00000e+00,  0.00000e+00,  0.00000e+00}
   simulated-tempering            = false
   swapcoords                     = no
   userint1                       = 0
   userint2                       = 0
   userint3                       = 0
   userint4                       = 0
   userreal1                      = 0
   userreal2                      = 0
   userreal3                      = 0
   userreal4                      = 0
   applied-forces:
     electric-field:
       x:
         E0                       = 0
         omega                    = 0
         t0                       = 0
         sigma                    = 0
       y:
         E0                       = 0
         omega                    = 0
         t0                       = 0
         sigma                    = 0
       z:
         E0                       = 0
         omega                    = 0
         t0                       = 0
         sigma                    = 0
     density-guided-simulation:
       active                     = false
       group                      = protein
       similarity-measure         = inner-product
       atom-spreading-weight      = unity
       force-constant             = 1e+09
       gaussian-transform-spreading-width = 0.2
       gaussian-transform-spreading-range-in-multiples-of-width = 4
       reference-density-filename = reference.mrc
       nst                        = 1
       normalize-densities        = true
       adaptive-force-scaling     = false
       adaptive-force-scaling-time-constant = 4
grpopts:
   nrdf:      11.987     2751.01
   ref-t:         298         298
   tau-t:         0.5         0.5
annealing:          No          No
annealing-npoints:           0           0
   acc:	           0           0           0
   nfreeze:           N           N           N
   energygrp-flags[  0]: 0 0
   energygrp-flags[  1]: 0 0

Changing nstlist from 10 to 40, rlist from 0.9 to 1


Using 1 MPI thread

Non-default thread affinity set, disabling internal thread affinity

Using 16 OpenMP threads 

System total charge, top. A: 0.000 top. B: 0.000
Will do PME sum in reciprocal space for electrostatic interactions.

++++ PLEASE READ AND CITE THE FOLLOWING REFERENCE ++++
U. Essmann, L. Perera, M. L. Berkowitz, T. Darden, H. Lee and L. G. Pedersen 
A smooth particle mesh Ewald method
J. Chem. Phys. 103 (1995) pp. 8577-8592
-------- -------- --- Thank You --- -------- --------

Using a Gaussian width (1/beta) of 0.288146 nm for Ewald
Potential shift: LJ r^-12: 0.000e+00 r^-6: 0.000e+00, Ewald -1.111e-05
Initialized non-bonded Ewald tables, spacing: 8.85e-04 size: 1018

Generated table with 1000 data points for 1-4 COUL.
Tabscale = 500 points/nm
Generated table with 1000 data points for 1-4 LJ6.
Tabscale = 500 points/nm
Generated table with 1000 data points for 1-4 LJ12.
Tabscale = 500 points/nm

Using SIMD 4x8 nonbonded short-range kernels

Using a dual 4x8 pair-list setup updated with dynamic pruning:
  outer list: updated every 40 steps, buffer 0.100 nm, rlist 1.000 nm
  inner list: updated every 11 steps, buffer 0.002 nm, rlist 0.902 nm
At tolerance 0.005 kJ/mol/ps per atom, equivalent classical 1x1 list would be:
  outer list: updated every 40 steps, buffer 0.210 nm, rlist 1.110 nm
  inner list: updated every 11 steps, buffer 0.042 nm, rlist 0.942 nm

Long Range LJ corr.: <C6> 2.8092e-04 <C12> 2.7696e-07

There are 4 atoms and 2 charges for free energy perturbation
Removing pbc first time

++++ PLEASE READ AND CITE THE FOLLOWING REFERENCE ++++
S. Miyamoto and P. A. Kollman
SETTLE: An Analytical Version of the SHAKE and RATTLE Algorithms for Rigid
Water Models
J. Comp. Chem. 13 (1992) pp. 952-962
-------- -------- --- Thank You --- -------- --------

Initial vector of lambda components:[     0.0000     0.0000     0.0000     0.0000     0.0000     0.0000     0.0000 ]

++++ PLEASE READ AND CITE THE FOLLOWING REFERENCE ++++
G. Bussi, D. Donadio and M. Parrinello
Canonical sampling through velocity rescaling
J. Chem. Phys. 126 (2007) pp. 014101
-------- -------- --- Thank You --- -------- --------

There are: 1381 Atoms

Constraining the starting coordinates (step 0)
Center of mass motion removal mode is Linear
We have the following groups for center of mass motion removal:
  0:  rest
RMS relative constraint deviation after constraining: 0.00e+00
Initial temperature: 295.606 K

PLUMED: PLUMED is starting
PLUMED: Version: 2.6.0 (git: Unknown) compiled on Jan 29 2020 at 14:59:16
PLUMED: Please cite these papers when using PLUMED [1][2]
PLUMED: For further information see the PLUMED web page at http://www.plumed.org
PLUMED: Root: /home/wei-tse/anaconda3/lib/plumed
PLUMED: For installed feature, see /home/wei-tse/anaconda3/lib/plumed/src/config/config.txt
PLUMED: Molecular dynamics engine: gromacs
PLUMED: Precision of reals: 4
PLUMED: Running over 1 node
PLUMED: Number of threads: 16
PLUMED: Cache line size: 512
PLUMED: Number of atoms: 1381
PLUMED: File suffix: 
PLUMED: FILE: plumed.dat
PLUMED: Action TORSION
PLUMED:   with label theta
PLUMED:   between atoms 1 2 3 4
PLUMED:   using periodic boundary conditions
PLUMED: Action EXTRACV
PLUMED:   with label lambda
PLUMED:   name: lambda
PLUMED: Action METAD
PLUMED:   with label metad
PLUMED:   with arguments theta lambda
PLUMED:   added component to this action:  metad.bias 
PLUMED:   Gaussian width  0.500000 0.000100  Gaussian height 2.478956
PLUMED:   Gaussian deposition pace 50
PLUMED:   Gaussian file HILLS_2D
PLUMED:   Well-Tempered Bias Factor 60.000000
PLUMED:   Hills relaxation time (tau) 5.897034
PLUMED:   KbT 2.477710
PLUMED:   Grid min -pi 0
PLUMED:   Grid max pi 19
PLUMED:   Grid bin 100 19
PLUMED:   Grid uses spline interpolation
PLUMED:   added component to this action:  metad.work 
PLUMED:   WARNING: Using a METAD with a Grid Spacing larger than half of the Gaussians width can produce artifacts
PLUMED:   WARNING: Using a METAD with a Grid Spacing larger than half of the Gaussians width can produce artifacts
PLUMED:   Bibliography [3][4]
PLUMED: Action PRINT
PLUMED:   with label @3
PLUMED:   with stride 10
PLUMED:   with arguments theta lambda metad.bias
PLUMED:   on file COLVAR
PLUMED:   with format  %f
PLUMED: END FILE: plumed.dat
PLUMED: Timestep: 0.002000
PLUMED: KbT: 2.477710
PLUMED: Relevant bibliography:
PLUMED:   [1] The PLUMED consortium, Nat. Methods 16, 670 (2019)
PLUMED:   [2] Tribello, Bonomi, Branduardi, Camilloni, and Bussi, Comput. Phys. Commun. 185, 604 (2014)
PLUMED:   [3] Laio and Parrinello, PNAS 99, 12562 (2002)
PLUMED:   [4] Barducci, Bussi, and Parrinello, Phys. Rev. Lett. 100, 020603 (2008)
PLUMED: Please read and cite where appropriate!
PLUMED: Finished setup
Started mdrun on rank 0 Tue Sep 28 16:17:04 2021

           Step           Time
              0        0.00000

   Energies (kJ/mol)
           Bond          Angle    Proper Dih.          LJ-14     Coulomb-14
    5.39379e+00    4.04133e+00    4.34734e-01   -4.97721e-01   -2.91293e+02
        LJ (SR)  Disper. corr.   Coulomb (SR)   Coul. recip.      Potential
    2.79203e+03   -1.21825e+02   -2.13946e+04    2.09155e+02   -1.87972e+04
    Kinetic En.   Total Energy  Conserved En.    Temperature Pres. DC (bar)
    3.39546e+03   -1.54017e+04   -1.54017e+04    2.95606e+02   -1.46979e+02
 Pressure (bar)      dVcoul/dl       dVvdw/dl
    3.51540e+02    7.65923e+02   -4.16478e+02

           Step           Time
           1000        2.00000

Writing checkpoint, step 1000 at Tue Sep 28 16:17:05 2021


             MC-lambda information
  N  CoulL   VdwL    Count   G(in kT)  dG(in kT)
  1  0.000  0.000       99    0.00000   11.92534   
  2  0.050  0.000        1   11.92534    1.00050 <<
  3  0.100  0.000        0   12.92584    0.00000   
  4  0.200  0.000        0   12.92584    0.00000   
  5  0.300  0.000        0   12.92584    0.00000   
  6  0.350  0.000        0   12.92584    0.00000   
  7  0.400  0.000        0   12.92584    0.00000   
  8  0.450  0.000        0   12.92584    0.00000   
  9  0.500  0.000        0   12.92584    0.00000   
 10  0.600  0.000        0   12.92584    0.00000   
 11  0.700  0.000        0   12.92584    0.00000   
 12  0.850  0.000        0   12.92584    0.00000   
 13  1.000  0.000        0   12.92584    0.00000   
 14  1.000  0.200        0   12.92584    0.00000   
 15  1.000  0.400        0   12.92584    0.00000   
 16  1.000  0.500        0   12.92584    0.00000   
 17  1.000  0.600        0   12.92584    0.00000   
 18  1.000  0.700        0   12.92584    0.00000   
 19  1.000  0.800        0   12.92584    0.00000   
 20  1.000  1.000        0   12.92584    0.00000   

   Energies (kJ/mol)
           Bond          Angle    Proper Dih.          LJ-14     Coulomb-14
    2.00985e+00    1.41270e+00    4.18513e+00   -4.98512e-01   -2.91964e+02
        LJ (SR)  Disper. corr.   Coulomb (SR)   Coul. recip.      Potential
    2.87899e+03   -1.21825e+02   -2.17454e+04    1.91112e+02   -1.90820e+04
    Kinetic En.   Total Energy  Conserved En.    Temperature Pres. DC (bar)
    3.41612e+03   -1.56658e+04   -1.53479e+04    2.97405e+02   -1.46979e+02
 Pressure (bar)      dVcoul/dl       dVvdw/dl
    2.64299e+02    8.49644e+02   -3.48988e+02


	<======  ###############  ==>
	<====  A V E R A G E S  ====>
	<==  ###############  ======>

	Statistics over 1001 steps using 1001 frames

   Energies (kJ/mol)
           Bond          Angle    Proper Dih.          LJ-14     Coulomb-14
    4.64166e+00    2.51407e+00    6.70596e+00   -4.89135e-01   -2.95511e+02
        LJ (SR)  Disper. corr.   Coulomb (SR)   Coul. recip.      Potential
    2.83304e+03   -1.21825e+02   -2.16056e+04    1.92968e+02   -1.89835e+04
    Kinetic En.   Total Energy  Conserved En.    Temperature Pres. DC (bar)
    3.44217e+03   -1.55413e+04   -1.53944e+04    2.99673e+02   -1.46979e+02
 Pressure (bar)      dVcoul/dl       dVvdw/dl
    2.00207e+02    7.74865e+02   -3.31705e+02

   Total Virial (kJ/mol)
    1.04825e+03    2.40868e+01   -4.38563e+01
    2.40486e+01    1.08263e+03    1.55104e+01
   -4.39927e+01    1.54384e+01    1.06264e+03

   Pressure (bar)
    2.13471e+02   -8.44031e+01    1.26967e+02
   -8.43107e+01    1.49559e+02   -3.55898e+01
    1.27296e+02   -3.54158e+01    2.37591e+02

  Epot (kJ/mol)        Coul-SR          LJ-SR        Coul-14          LJ-14   
        LIG-LIG   -2.08753e+02    0.00000e+00   -2.95511e+02   -4.89135e-01
        LIG-SOL   -4.68248e+02    5.12473e+01    0.00000e+00    0.00000e+00
        SOL-SOL   -2.09286e+04    2.78179e+03    0.00000e+00    0.00000e+00

          T-LIG          T-SOL
    3.16744e+02    2.99598e+02


	M E G A - F L O P S   A C C O U N T I N G

 NB=Group-cutoff nonbonded kernels    NxN=N-by-N cluster Verlet kernels
 RF=Reaction-Field  VdW=Van der Waals  QSTab=quadratic-spline table
 W3=SPC/TIP3p  W4=TIP4p (single or pairs)
 V&F=Potential and force  V=Potential only  F=Force only

 Computing:                               M-Number         M-Flops  % Flops
-----------------------------------------------------------------------------
 NB Free energy kernel                 1707.447660        1707.448     2.1
 Pair Search distance check              12.148918         109.340     0.1
 NxN Ewald Elec. + LJ [V&F]             334.805648       42520.317    53.5
 NxN Ewald Elec. [V&F]                  321.966000       27045.144    34.0
 1,4 nonbonded interactions               0.001001           0.090     0.0
 Calc Weights                             4.147143         149.297     0.2
 Spread Q Bspline                       176.944768         353.890     0.4
 Gather F Bspline                       176.944768        1061.669     1.3
 3D-FFT                                 761.348588        6090.789     7.7
 Solve PME                                1.153152          73.802     0.1
 Shift-X                                  0.035906           0.215     0.0
 Bonds                                    0.003003           0.177     0.0
 Angles                                   0.002002           0.336     0.0
 Propers                                  0.001001           0.229     0.0
 Virial                                   1.427426          25.694     0.0
 Stop-CM                                  1.383762          13.838     0.0
 Calc-Ekin                                1.382381          37.324     0.0
 Constraint-V                             1.378377          11.027     0.0
 Constraint-Vir                           1.378377          33.081     0.0
 Settle                                   0.919836         297.107     0.4
-----------------------------------------------------------------------------
 Total                                                   79530.814   100.0
-----------------------------------------------------------------------------


     R E A L   C Y C L E   A N D   T I M E   A C C O U N T I N G

On 1 MPI rank, each using 16 OpenMP threads

 Computing:          Num   Num      Call    Wall time         Giga-Cycles
                     Ranks Threads  Count      (s)         total sum    %
-----------------------------------------------------------------------------
 Neighbor search        1   16         26       0.014          0.464   0.7
 Force                  1   16       1001       0.792         26.548  42.0
 PME mesh               1   16       1001       0.251          8.417  13.3
 NB X/F buffer ops.     1   16       1976       0.017          0.586   0.9
 Write traj.            1   16         11       0.280          9.382  14.8
 Update                 1   16       4004       0.025          0.844   1.3
 Constraints            1   16       2004       0.026          0.872   1.4
 Rest                                           0.481         16.109  25.5
-----------------------------------------------------------------------------
 Total                                          1.886         63.223 100.0
-----------------------------------------------------------------------------
 Breakdown of PME mesh computation
-----------------------------------------------------------------------------
 PME spread             1   16       2002       0.078          2.628   4.2
 PME gather             1   16       2002       0.050          1.688   2.7
 PME 3D-FFT             1   16       4004       0.092          3.086   4.9
 PME solve Elec         1   16       2002       0.026          0.884   1.4
-----------------------------------------------------------------------------

               Core t (s)   Wall t (s)        (%)
       Time:       25.195        1.886     1335.8
                 (ns/day)    (hour/ns)
Performance:       91.710        0.262
Finished mdrun on rank 0 Tue Sep 28 16:17:06 2021

PLUMED:                                               Cycles        Total      Average      Minumum      Maximum
PLUMED:                                                    1     0.351457     0.351457     0.351457     0.351457
PLUMED: 1 Prepare dependencies                          3001     0.003706     0.000001     0.000001     0.000013
PLUMED: 2 Sharing data                                  3001     0.020886     0.000007     0.000005     0.000164
PLUMED: 3 Waiting for data                              3001     0.002920     0.000001     0.000001     0.000013
PLUMED: 4 Calculating (forward loop)                    3001     0.047041     0.000016     0.000011     0.001961
PLUMED: 5 Applying (backward loop)                      3001     0.025297     0.000008     0.000007     0.000153
PLUMED: 6 Update                                        1001     0.208970     0.000209     0.000003     0.101859
