                  :-) GROMACS - gmx mdrun, 2020.2-MODIFIED (-:

                            GROMACS is written by:
     Emile Apol      Rossen Apostolov      Paul Bauer     Herman J.C. Berendsen
    Par Bjelkmar      Christian Blau   Viacheslav Bolnykh     Kevin Boyd    
 Aldert van Buuren   Rudi van Drunen     Anton Feenstra       Alan Gray     
  Gerrit Groenhof     Anca Hamuraru    Vincent Hindriksen  M. Eric Irrgang  
  Aleksei Iupinov   Christoph Junghans     Joe Jordan     Dimitrios Karkoulis
    Peter Kasson        Jiri Kraus      Carsten Kutzner      Per Larsson    
  Justin A. Lemkul    Viveca Lindahl    Magnus Lundborg     Erik Marklund   
    Pascal Merz     Pieter Meulenhoff    Teemu Murtola       Szilard Pall   
    Sander Pronk      Roland Schulz      Michael Shirts    Alexey Shvetsov  
   Alfons Sijbers     Peter Tieleman      Jon Vincent      Teemu Virolainen 
 Christian Wennberg    Maarten Wolf      Artem Zhmurov   
                           and the project leaders:
        Mark Abraham, Berk Hess, Erik Lindahl, and David van der Spoel

Copyright (c) 1991-2000, University of Groningen, The Netherlands.
Copyright (c) 2001-2019, The GROMACS development team at
Uppsala University, Stockholm University and
the Royal Institute of Technology, Sweden.
check out http://www.gromacs.org for more information.

GROMACS is free software; you can redistribute it and/or modify it
under the terms of the GNU Lesser General Public License
as published by the Free Software Foundation; either version 2.1
of the License, or (at your option) any later version.

GROMACS:      gmx mdrun, version 2020.2-MODIFIED
Executable:   /home/wehs7661/pkgs/gromacs/2020.2/bin/gmx_mpi
Data prefix:  /home/wehs7661/pkgs/gromacs/2020.2
Working dir:  /pylon5/ct4s8bp/wehs7661/MetaD_EXE_TestSys/Ligand/trial_2/Wang-Landau
Command line:
  gmx_mpi mdrun -s sys3_gst.tpr -x sys3_gst.xtc -c sys3_gst_output.gro -e sys3_gst.edr -dhdl sys3_gst_dhdl.xvg -g sys3_gst.log -cpi state.cpt

Reading file sys3_gst.tpr, VERSION 2020.2-MODIFIED (single precision)
Changing nstlist from 10 to 40, rlist from 0.9 to 1.002

Using 56 MPI processes

Non-default thread affinity set, disabling internal thread affinity

Using 1 OpenMP thread per MPI process

starting mdrun 'Untitled'
25000000 steps,  50000.0 ps.
srun: Job step aborted: Waiting up to 302 seconds for job step to finish.


Received the TERM signal, stopping within 40 steps



Received the TERM signal, stopping within 40 steps



Received the TERM signal, stopping within 40 steps



Received the TERM signal, stopping within 40 steps



Received the TERM signal, stopping within 40 steps



Received the TERM signal, stopping within 40 steps



Received the TERM signal, stopping within 40 steps



Received the TERM signal, stopping within 40 steps



Received the TERM signal, stopping within 40 steps



Received the TERM signal, stopping within 40 steps



Received the TERM signal, stopping within 40 steps



Received the TERM signal, stopping within 40 steps



Received the TERM signal, stopping within 40 steps



Received the TERM signal, stopping within 40 steps



Received the TERM signal, stopping within 40 steps



Received the TERM signal, stopping within 40 steps

slurmstepd: error: *** JOB 11692706 ON r470 CANCELLED AT 2020-11-10T02:50:45 ***
